2023-11-04 12:16:09,228 INFO  [org.jboss.modules] (main) JBoss Modules version 2.0.3.Final
2023-11-04 12:16:10,185 INFO  [org.jboss.msc] (main) JBoss MSC version 1.4.13.Final
2023-11-04 12:16:10,193 INFO  [org.jboss.threads] (main) JBoss Threads version 2.4.0.Final
2023-11-04 12:16:10,329 INFO  [org.jboss.as] (MSC service thread 1-1) WFLYSRV0049: WildFly Full 27.0.0.Final (WildFly Core 19.0.0.Final) starting
2023-11-04 12:16:10,334 DEBUG [org.jboss.as.config] (MSC service thread 1-1) Configured system properties:
	awt.toolkit = sun.lwawt.macosx.LWCToolkit
	file.encoding = UTF-8
	file.separator = /
	ftp.nonProxyHosts = local|*.local|169.254/16|*.169.254/16
	gopherProxySet = false
	http.nonProxyHosts = local|*.local|169.254/16|*.169.254/16
	java.awt.graphicsenv = sun.awt.CGraphicsEnvironment
	java.awt.headless = true
	java.awt.printerjob = sun.lwawt.macosx.CPrinterJob
	java.class.path = /Users/Adrien/Documents/Enseignement/63-41 Implementing Services/TPs/rootJakartaEE_sandbox/tools/wildfly-27.0.0.Final/jboss-modules.jar
	java.class.version = 55.0
	java.home = /Library/Java/JavaVirtualMachines/zulu-11.jdk/Contents/Home
	java.io.tmpdir = /var/folders/r1/z4c2jnjj3jz66n0v79snkc8m0000gn/T/
	java.library.path = /Users/Adrien/Library/Java/Extensions:/Library/Java/Extensions:/Network/Library/Java/Extensions:/System/Library/Java/Extensions:/usr/lib/java:.
	java.net.preferIPv4Stack = true
	java.runtime.name = OpenJDK Runtime Environment
	java.runtime.version = 11.0.14.1+1-LTS
	java.specification.name = Java Platform API Specification
	java.specification.vendor = Oracle Corporation
	java.specification.version = 11
	java.util.logging.manager = org.jboss.logmanager.LogManager
	java.vendor = Azul Systems, Inc.
	java.vendor.url = http://www.azul.com/
	java.vendor.url.bug = http://www.azul.com/support/
	java.vendor.version = Zulu11.54+25-CA
	java.version = 11.0.14.1
	java.version.date = 2022-02-08
	java.vm.compressedOopsMode = Zero based
	java.vm.info = mixed mode
	java.vm.name = OpenJDK 64-Bit Server VM
	java.vm.specification.name = Java Virtual Machine Specification
	java.vm.specification.vendor = Oracle Corporation
	java.vm.specification.version = 11
	java.vm.vendor = Azul Systems, Inc.
	java.vm.version = 11.0.14.1+1-LTS
	javax.management.builder.initial = org.jboss.as.jmx.PluggableMBeanServerBuilder
	jboss.bind.address = localhost
	jboss.bind.address.management = localhost
	jboss.home.dir = /Users/Adrien/Documents/Enseignement/63-41 Implementing Services/TPs/rootJakartaEE_sandbox/tools/wildfly-27.0.0.Final
	jboss.host.name = adriensmbpii2
	jboss.modules.dir = /Users/Adrien/Documents/Enseignement/63-41 Implementing Services/TPs/rootJakartaEE_sandbox/tools/wildfly-27.0.0.Final/modules
	jboss.modules.system.pkgs = org.jboss.byteman
	jboss.node.name = adriensmbpii2
	jboss.qualified.host.name = adriensmbpii2
	jboss.server.base.dir = /Users/Adrien/Documents/Enseignement/63-41 Implementing Services/TPs/rootJakartaEE_sandbox/tools/wildfly-27.0.0.Final/standalone
	jboss.server.config.dir = /Users/Adrien/Documents/Enseignement/63-41 Implementing Services/TPs/rootJakartaEE_sandbox/tools/wildfly-27.0.0.Final/standalone/configuration
	jboss.server.data.dir = /Users/Adrien/Documents/Enseignement/63-41 Implementing Services/TPs/rootJakartaEE_sandbox/tools/wildfly-27.0.0.Final/standalone/data
	jboss.server.deploy.dir = /Users/Adrien/Documents/Enseignement/63-41 Implementing Services/TPs/rootJakartaEE_sandbox/tools/wildfly-27.0.0.Final/standalone/data/content
	jboss.server.log.dir = /Users/Adrien/Documents/Enseignement/63-41 Implementing Services/TPs/rootJakartaEE_sandbox/tools/wildfly-27.0.0.Final/standalone/log
	jboss.server.name = adriensmbpii2
	jboss.server.persist.config = true
	jboss.server.temp.dir = /Users/Adrien/Documents/Enseignement/63-41 Implementing Services/TPs/rootJakartaEE_sandbox/tools/wildfly-27.0.0.Final/standalone/tmp
	jdk.debug = release
	jdk.vendor.version = Zulu11.54+25-CA
	line.separator = 

	logging.configuration = file:/Users/Adrien/Documents/Enseignement/63-41 Implementing Services/TPs/rootJakartaEE_sandbox/tools/wildfly-27.0.0.Final/standalone/configuration/logging.properties
	module.path = /Users/Adrien/Documents/Enseignement/63-41 Implementing Services/TPs/rootJakartaEE_sandbox/tools/wildfly-27.0.0.Final/modules
	org.jboss.boot.log.file = /Users/Adrien/Documents/Enseignement/63-41 Implementing Services/TPs/rootJakartaEE_sandbox/tools/wildfly-27.0.0.Final/standalone/log/boot.log
	org.jboss.logmanager.nocolor = true
	org.jboss.resolver.warning = true
	os.arch = x86_64
	os.name = Mac OS X
	os.version = 14.0
	path.separator = :
	program.name = JBossTools: WildFly 27+
	socksNonProxyHosts = local|*.local|169.254/16|*.169.254/16
	sun.arch.data.model = 64
	sun.boot.library.path = /Library/Java/JavaVirtualMachines/zulu-11.jdk/Contents/Home/lib
	sun.cpu.endian = little
	sun.cpu.isalist = 
	sun.io.unicode.encoding = UnicodeBig
	sun.java.command = org.jboss.modules.Main -mp /Users/Adrien/Documents/Enseignement/63-41 Implementing Services/TPs/rootJakartaEE_sandbox/tools/wildfly-27.0.0.Final/modules org.jboss.as.standalone -b localhost --server-config=standalone.xml -Djboss.server.base.dir=/Users/Adrien/Documents/Enseignement/63-41 Implementing Services/TPs/rootJakartaEE_sandbox/tools/wildfly-27.0.0.Final/standalone
	sun.java.launcher = SUN_STANDARD
	sun.jnu.encoding = UTF-8
	sun.management.compiler = HotSpot 64-Bit Tiered Compilers
	sun.os.patch.level = unknown
	sun.rmi.dgc.client.gcInterval = 3600000
	sun.rmi.dgc.server.gcInterval = 3600000
	user.country = US
	user.dir = /Users/Adrien/Documents/Enseignement/63-41 Implementing Services/TPs/rootJakartaEE_sandbox/tools/wildfly-27.0.0.Final/bin
	user.home = /Users/Adrien
	user.language = en
	user.name = Adrien
	user.timezone = Europe/Zurich
2023-11-04 12:16:10,340 DEBUG [org.jboss.as.config] (MSC service thread 1-1) VM Arguments: -Dprogram.name=JBossTools: WildFly 27+ -Xms1303m -Xmx1303m -XX:MetaspaceSize=96M -XX:MaxMetaspaceSize=256m -Dorg.jboss.resolver.warning=true -Djava.net.preferIPv4Stack=true -Dsun.rmi.dgc.client.gcInterval=3600000 -Dsun.rmi.dgc.server.gcInterval=3600000 -Djboss.modules.system.pkgs=org.jboss.byteman -Djava.awt.headless=true -Dorg.jboss.boot.log.file=/Users/Adrien/Documents/Enseignement/63-41 Implementing Services/TPs/rootJakartaEE_sandbox/tools/wildfly-27.0.0.Final/standalone/log/boot.log -Dlogging.configuration=file:/Users/Adrien/Documents/Enseignement/63-41 Implementing Services/TPs/rootJakartaEE_sandbox/tools/wildfly-27.0.0.Final/standalone/configuration/logging.properties -Djboss.home.dir=/Users/Adrien/Documents/Enseignement/63-41 Implementing Services/TPs/rootJakartaEE_sandbox/tools/wildfly-27.0.0.Final -Dorg.jboss.logmanager.nocolor=true --add-exports=java.base/sun.nio.ch=ALL-UNNAMED --add-exports=jdk.unsupported/sun.misc=ALL-UNNAMED --add-exports=jdk.unsupported/sun.reflect=ALL-UNNAMED --add-modules=java.se -Djboss.bind.address.management=localhost -Dfile.encoding=UTF-8 
2023-11-04 12:16:11,858 INFO  [org.wildfly.security] (ServerService Thread Pool -- 28) ELY00001: WildFly Elytron version 2.0.0.Final
2023-11-04 12:16:12,438 WARN  [org.jboss.as.controller] (ServerService Thread Pool -- 36) WFLYCTL0481: The runtime dependency package 'io.smallrye.opentracing-contrib' is already registered at location '/subsystem=microprofile-opentracing-smallrye'
2023-11-04 12:16:12,477 WARN  [org.jboss.as.controller] (ServerService Thread Pool -- 36) WFLYCTL0481: The runtime dependency package 'io.smallrye.opentracing-contrib' is already registered at location '/subsystem=microprofile-opentracing-smallrye'
2023-11-04 12:16:13,049 INFO  [org.jboss.as.controller.management-deprecated] (ServerService Thread Pool -- 32) WFLYCTL0028: Attribute 'cluster' in the resource at address '/subsystem=ejb3/service=remote' is deprecated, and may be removed in a future version. See the attribute description in the output of the read-resource-description operation to learn more about the deprecation.
2023-11-04 12:16:13,226 INFO  [org.jboss.as.server] (Controller Boot Thread) WFLYSRV0039: Creating http management service using socket-binding (management-http)
2023-11-04 12:16:13,258 INFO  [org.xnio] (MSC service thread 1-1) XNIO version 3.8.8.Final
2023-11-04 12:16:13,270 INFO  [org.xnio.nio] (MSC service thread 1-1) XNIO NIO Implementation Version 3.8.8.Final
2023-11-04 12:16:13,328 INFO  [org.wildfly.extension.elytron.oidc._private] (ServerService Thread Pool -- 54) WFLYOIDC0001: Activating WildFly Elytron OIDC Subsystem
2023-11-04 12:16:13,328 INFO  [org.jboss.as.clustering.infinispan] (ServerService Thread Pool -- 56) WFLYCLINF0001: Activating Infinispan subsystem.
2023-11-04 12:16:13,368 INFO  [org.jboss.as.jaxrs] (ServerService Thread Pool -- 58) WFLYRS0016: RESTEasy version 6.2.1.Final
2023-11-04 12:16:13,401 WARN  [org.jboss.as.txn] (ServerService Thread Pool -- 76) WFLYTX0013: The node-identifier attribute on the /subsystem=transactions is set to the default value. This is a danger for environments running multiple servers. Please make sure the attribute value is unique.
2023-11-04 12:16:13,461 INFO  [org.wildfly.extension.microprofile.config.smallrye] (ServerService Thread Pool -- 66) WFLYCONF0001: Activating MicroProfile Config Subsystem
2023-11-04 12:16:13,465 INFO  [org.jboss.as.naming] (ServerService Thread Pool -- 69) WFLYNAM0001: Activating Naming Subsystem
2023-11-04 12:16:13,469 INFO  [org.wildfly.extension.microprofile.jwt.smallrye] (ServerService Thread Pool -- 67) WFLYJWT0001: Activating MicroProfile JWT Subsystem
2023-11-04 12:16:13,539 INFO  [org.jboss.remoting] (MSC service thread 1-8) JBoss Remoting version 5.0.26.Final
2023-11-04 12:16:13,495 INFO  [org.jboss.as.webservices] (ServerService Thread Pool -- 78) WFLYWS0002: Activating WebServices Extension
2023-11-04 12:16:13,548 INFO  [org.wildfly.extension.microprofile.opentracing] (ServerService Thread Pool -- 68) WFLYTRACEXT0001: Activating MicroProfile OpenTracing Subsystem
2023-11-04 12:16:13,500 INFO  [org.wildfly.extension.io] (ServerService Thread Pool -- 57) WFLYIO001: Worker 'default' has auto-configured to 20 IO threads with 160 max task threads based on your 10 available processors
2023-11-04 12:16:13,513 INFO  [org.jboss.as.jsf] (ServerService Thread Pool -- 63) WFLYJSF0007: Activated the following Jakarta Server Faces Implementations: [main]
2023-11-04 12:16:13,548 INFO  [org.wildfly.extension.health] (ServerService Thread Pool -- 55) WFLYHEALTH0001: Activating Base Health Subsystem
2023-11-04 12:16:13,560 INFO  [org.jboss.as.naming] (MSC service thread 1-3) WFLYNAM0003: Starting Naming Service
2023-11-04 12:16:13,572 INFO  [org.jboss.as.mail.extension] (MSC service thread 1-4) WFLYMAIL0001: Bound mail session [java:jboss/mail/Default]
2023-11-04 12:16:13,634 INFO  [org.wildfly.extension.metrics] (ServerService Thread Pool -- 65) WFLYMETRICS0001: Activating Base Metrics Subsystem
2023-11-04 12:16:13,663 INFO  [org.jboss.as.connector] (MSC service thread 1-4) WFLYJCA0009: Starting Jakarta Connectors Subsystem (WildFly/IronJacamar 1.5.9.Final)
2023-11-04 12:16:13,770 INFO  [org.jboss.as.connector.subsystems.datasources] (ServerService Thread Pool -- 45) WFLYJCA0004: Deploying JDBC-compliant driver class org.h2.Driver (version 2.1)
2023-11-04 12:16:13,804 INFO  [org.jboss.as.connector.deployers.jdbc] (MSC service thread 1-3) WFLYJCA0018: Started Driver service with driver-name = h2
2023-11-04 12:16:13,843 INFO  [org.jboss.as.connector.subsystems.datasources] (ServerService Thread Pool -- 45) WFLYJCA0005: Deploying non-JDBC-compliant driver class org.hsqldb.jdbcDriver (version 1.8)
2023-11-04 12:16:13,849 INFO  [org.jboss.as.connector.deployers.jdbc] (MSC service thread 1-7) WFLYJCA0018: Started Driver service with driver-name = hsqldb
2023-11-04 12:16:13,881 INFO  [org.wildfly.extension.undertow] (MSC service thread 1-7) WFLYUT0003: Undertow 2.3.0.Final starting
2023-11-04 12:16:13,899 INFO  [org.jboss.as.ejb3] (MSC service thread 1-4) WFLYEJB0481: Strict pool slsb-strict-max-pool is using a max instance size of 160 (per class), which is derived from thread worker pool sizing.
2023-11-04 12:16:13,899 INFO  [org.jboss.as.ejb3] (MSC service thread 1-6) WFLYEJB0482: Strict pool mdb-strict-max-pool is using a max instance size of 40 (per class), which is derived from the number of CPUs on this host.
2023-11-04 12:16:14,283 WARN  [org.wildfly.extension.elytron] (MSC service thread 1-3) WFLYELY00023: KeyStore file '/Users/Adrien/Documents/Enseignement/63-41 Implementing Services/TPs/rootJakartaEE_sandbox/tools/wildfly-27.0.0.Final/standalone/configuration/application.keystore' does not exist. Used blank.
2023-11-04 12:16:14,311 WARN  [org.wildfly.extension.elytron] (MSC service thread 1-6) WFLYELY01084: KeyStore /Users/Adrien/Documents/Enseignement/63-41 Implementing Services/TPs/rootJakartaEE_sandbox/tools/wildfly-27.0.0.Final/standalone/configuration/application.keystore not found, it will be auto generated on first use with a self-signed certificate for host localhost
2023-11-04 12:16:14,327 INFO  [org.wildfly.extension.undertow] (ServerService Thread Pool -- 77) WFLYUT0014: Creating file handler for path '/Users/Adrien/Documents/Enseignement/63-41 Implementing Services/TPs/rootJakartaEE_sandbox/tools/wildfly-27.0.0.Final/welcome-content' with options [directory-listing: 'false', follow-symlink: 'false', case-sensitive: 'true', safe-symlink-paths: '[]']
2023-11-04 12:16:14,399 INFO  [org.wildfly.extension.undertow] (MSC service thread 1-6) WFLYUT0012: Started server default-server.
2023-11-04 12:16:14,401 INFO  [org.wildfly.extension.undertow] (MSC service thread 1-5) Queuing requests.
2023-11-04 12:16:14,404 INFO  [org.wildfly.extension.undertow] (MSC service thread 1-5) WFLYUT0018: Host default-host starting
2023-11-04 12:16:14,561 INFO  [org.wildfly.extension.undertow] (MSC service thread 1-7) WFLYUT0006: Undertow HTTP listener default listening on 127.0.0.1:8080
2023-11-04 12:16:14,805 INFO  [org.jboss.as.ejb3] (MSC service thread 1-4) WFLYEJB0493: Jakarta Enterprise Beans subsystem suspension complete
2023-11-04 12:16:14,814 INFO  [org.wildfly.extension.undertow] (MSC service thread 1-8) WFLYUT0006: Undertow HTTPS listener https listening on 127.0.0.1:8443
2023-11-04 12:16:14,891 INFO  [org.jboss.as.connector.subsystems.datasources] (MSC service thread 1-8) WFLYJCA0001: Bound data source [java:/labsDS]
2023-11-04 12:16:14,891 INFO  [org.jboss.as.connector.subsystems.datasources] (MSC service thread 1-1) WFLYJCA0001: Bound data source [java:jboss/datasources/ExampleDS]
2023-11-04 12:16:14,926 INFO  [org.jboss.as.patching] (MSC service thread 1-2) WFLYPAT0050: WildFly Full cumulative patch ID is: base, one-off patches include: none
